  Utilities.cpp
  TheMain.cpp
c:\users\alexm\documents\game development - advanced programming 2017\game engine frameworks and patterns\project_02\firstopengl\themain.cpp(465): warning C4244: 'argument': conversion from 'int' to 'float', possible loss of data
  CTextureFromBMP.cpp
  cBasicTextureManager.cpp
  C24BitBMPpixel.cpp
  Render.cpp
  CVector3f.cpp
  CStringHelper.cpp
  CPlyFile5nt_experimental.cpp
  CPlyFile5nt.cpp
  LoadObjectsIntoScene.cpp
  CLightDescription.cpp
  CGLColourHelper.cpp
  key_callback.cpp
  GlobalStuff.cpp
  cShaderManager.cpp
  cShader.cpp
  cParticleEmitter.cpp
  CommandGroup.cpp
  Command.cpp
  Generating Code...
  Compiling...
  cMeshTypeManager.cpp
  cLuaBrain.cpp
c:\users\alexm\documents\game development - advanced programming 2017\game engine frameworks and patterns\project_02\firstopengl\cluabrain.cpp(126): warning C4018: '<': signed/unsigned mismatch
c:\users\alexm\documents\game development - advanced programming 2017\game engine frameworks and patterns\project_02\firstopengl\cluabrain.cpp(134): warning C4018: '<': signed/unsigned mismatch
c:\users\alexm\documents\game development - advanced programming 2017\game engine frameworks and patterns\project_02\firstopengl\cluabrain.cpp(355): warning C4244: 'initializing': conversion from 'lua_Number' to 'int', possible loss of data
c:\users\alexm\documents\game development - advanced programming 2017\game engine frameworks and patterns\project_02\firstopengl\cluabrain.cpp(357): warning C4244: 'initializing': conversion from 'lua_Number' to 'int', possible loss of data
c:\users\alexm\documents\game development - advanced programming 2017\game engine frameworks and patterns\project_02\firstopengl\cluabrain.cpp(371): warning C4244: '=': conversion from 'lua_Number' to 'float', possible loss of data
c:\users\alexm\documents\game development - advanced programming 2017\game engine frameworks and patterns\project_02\firstopengl\cluabrain.cpp(372): warning C4244: '=': conversion from 'lua_Number' to 'float', possible loss of data
c:\users\alexm\documents\game development - advanced programming 2017\game engine frameworks and patterns\project_02\firstopengl\cluabrain.cpp(373): warning C4244: '=': conversion from 'lua_Number' to 'float', possible loss of data
c:\users\alexm\documents\game development - advanced programming 2017\game engine frameworks and patterns\project_02\firstopengl\cluabrain.cpp(374): warning C4244: '=': conversion from 'lua_Number' to 'float', possible loss of data
c:\users\alexm\documents\game development - advanced programming 2017\game engine frameworks and patterns\project_02\firstopengl\cluabrain.cpp(375): warning C4244: '=': conversion from 'lua_Number' to 'float', possible loss of data
c:\users\alexm\documents\game development - advanced programming 2017\game engine frameworks and patterns\project_02\firstopengl\cluabrain.cpp(376): warning C4244: '=': conversion from 'lua_Number' to 'float', possible loss of data
c:\users\alexm\documents\game development - advanced programming 2017\game engine frameworks and patterns\project_02\firstopengl\cluabrain.cpp(382): warning C4018: '<': signed/unsigned mismatch
c:\users\alexm\documents\game development - advanced programming 2017\game engine frameworks and patterns\project_02\firstopengl\cluabrain.cpp(402): warning C4244: 'initializing': conversion from 'lua_Number' to 'int', possible loss of data
c:\users\alexm\documents\game development - advanced programming 2017\game engine frameworks and patterns\project_02\firstopengl\cluabrain.cpp(404): warning C4244: 'initializing': conversion from 'lua_Number' to 'int', possible loss of data
c:\users\alexm\documents\game development - advanced programming 2017\game engine frameworks and patterns\project_02\firstopengl\cluabrain.cpp(419): warning C4244: '=': conversion from 'lua_Number' to 'float', possible loss of data
c:\users\alexm\documents\game development - advanced programming 2017\game engine frameworks and patterns\project_02\firstopengl\cluabrain.cpp(420): warning C4244: '=': conversion from 'lua_Number' to 'float', possible loss of data
c:\users\alexm\documents\game development - advanced programming 2017\game engine frameworks and patterns\project_02\firstopengl\cluabrain.cpp(421): warning C4244: '=': conversion from 'lua_Number' to 'float', possible loss of data
c:\users\alexm\documents\game development - advanced programming 2017\game engine frameworks and patterns\project_02\firstopengl\cluabrain.cpp(422): warning C4244: '=': conversion from 'lua_Number' to 'float', possible loss of data
c:\users\alexm\documents\game development - advanced programming 2017\game engine frameworks and patterns\project_02\firstopengl\cluabrain.cpp(423): warning C4244: '=': conversion from 'lua_Number' to 'float', possible loss of data
c:\users\alexm\documents\game development - advanced programming 2017\game engine frameworks and patterns\project_02\firstopengl\cluabrain.cpp(424): warning C4244: '=': conversion from 'lua_Number' to 'float', possible loss of data
c:\users\alexm\documents\game development - advanced programming 2017\game engine frameworks and patterns\project_02\firstopengl\cluabrain.cpp(432): warning C4018: '<': signed/unsigned mismatch
c:\users\alexm\documents\game development - advanced programming 2017\game engine frameworks and patterns\project_02\firstopengl\cluabrain.cpp(451): warning C4244: 'initializing': conversion from 'lua_Number' to 'int', possible loss of data
c:\users\alexm\documents\game development - advanced programming 2017\game engine frameworks and patterns\project_02\firstopengl\cluabrain.cpp(453): warning C4244: 'initializing': conversion from 'lua_Number' to 'int', possible loss of data
c:\users\alexm\documents\game development - advanced programming 2017\game engine frameworks and patterns\project_02\firstopengl\cluabrain.cpp(470): warning C4244: '=': conversion from 'lua_Number' to 'float', possible loss of data
c:\users\alexm\documents\game development - advanced programming 2017\game engine frameworks and patterns\project_02\firstopengl\cluabrain.cpp(471): warning C4244: '=': conversion from 'lua_Number' to 'float', possible loss of data
c:\users\alexm\documents\game development - advanced programming 2017\game engine frameworks and patterns\project_02\firstopengl\cluabrain.cpp(472): warning C4244: '=': conversion from 'lua_Number' to 'float', possible loss of data
c:\users\alexm\documents\game development - advanced programming 2017\game engine frameworks and patterns\project_02\firstopengl\cluabrain.cpp(473): warning C4244: '=': conversion from 'lua_Number' to 'float', possible loss of data
c:\users\alexm\documents\game development - advanced programming 2017\game engine frameworks and patterns\project_02\firstopengl\cluabrain.cpp(479): warning C4018: '<': signed/unsigned mismatch
c:\users\alexm\documents\game development - advanced programming 2017\game engine frameworks and patterns\project_02\firstopengl\cluabrain.cpp(512): warning C4244: 'initializing': conversion from 'lua_Number' to 'int', possible loss of data
c:\users\alexm\documents\game development - advanced programming 2017\game engine frameworks and patterns\project_02\firstopengl\cluabrain.cpp(538): warning C4244: 'initializing': conversion from 'lua_Number' to 'int', possible loss of data
c:\users\alexm\documents\game development - advanced programming 2017\game engine frameworks and patterns\project_02\firstopengl\cluabrain.cpp(564): warning C4244: 'initializing': conversion from 'lua_Number' to 'int', possible loss of data
c:\users\alexm\documents\game development - advanced programming 2017\game engine frameworks and patterns\project_02\firstopengl\cluabrain.cpp(587): warning C4244: 'initializing': conversion from 'lua_Number' to 'int', possible loss of data
c:\users\alexm\documents\game development - advanced programming 2017\game engine frameworks and patterns\project_02\firstopengl\cluabrain.cpp(589): warning C4244: 'initializing': conversion from 'lua_Number' to 'int', possible loss of data
  CHRTimer.cpp
  cGameObject.cpp
  Generating Code...
  glad.c
     Creating library C:\Users\alexm\Documents\Game Development - Advanced Programming 2017\Game Engine Frameworks and Patterns\Project_02\Debug\FirstOpenGL.lib and object C:\Users\alexm\Documents\Game Development - Advanced Programming 2017\Game Engine Frameworks and Patterns\Project_02\Debug\FirstOpenGL.exp
LINK : warning LNK4098: defaultlib 'MSVCRT' conflicts with use of other libs; use /NODEFAULTLIB:library
glfw3.lib(context.obj) : warning LNK4099: PDB 'glfw.pdb' was not found with 'glfw3.lib(context.obj)' or at 'C:\Users\alexm\Documents\Game Development - Advanced Programming 2017\Game Engine Frameworks and Patterns\Project_02\Debug\glfw.pdb'; linking object as if no debug info
glfw3.lib(init.obj) : warning LNK4099: PDB 'glfw.pdb' was not found with 'glfw3.lib(init.obj)' or at 'C:\Users\alexm\Documents\Game Development - Advanced Programming 2017\Game Engine Frameworks and Patterns\Project_02\Debug\glfw.pdb'; linking object as if no debug info
glfw3.lib(input.obj) : warning LNK4099: PDB 'glfw.pdb' was not found with 'glfw3.lib(input.obj)' or at 'C:\Users\alexm\Documents\Game Development - Advanced Programming 2017\Game Engine Frameworks and Patterns\Project_02\Debug\glfw.pdb'; linking object as if no debug info
glfw3.lib(monitor.obj) : warning LNK4099: PDB 'glfw.pdb' was not found with 'glfw3.lib(monitor.obj)' or at 'C:\Users\alexm\Documents\Game Development - Advanced Programming 2017\Game Engine Frameworks and Patterns\Project_02\Debug\glfw.pdb'; linking object as if no debug info
glfw3.lib(vulkan.obj) : warning LNK4099: PDB 'glfw.pdb' was not found with 'glfw3.lib(vulkan.obj)' or at 'C:\Users\alexm\Documents\Game Development - Advanced Programming 2017\Game Engine Frameworks and Patterns\Project_02\Debug\glfw.pdb'; linking object as if no debug info
glfw3.lib(window.obj) : warning LNK4099: PDB 'glfw.pdb' was not found with 'glfw3.lib(window.obj)' or at 'C:\Users\alexm\Documents\Game Development - Advanced Programming 2017\Game Engine Frameworks and Patterns\Project_02\Debug\glfw.pdb'; linking object as if no debug info
glfw3.lib(win32_init.obj) : warning LNK4099: PDB 'glfw.pdb' was not found with 'glfw3.lib(win32_init.obj)' or at 'C:\Users\alexm\Documents\Game Development - Advanced Programming 2017\Game Engine Frameworks and Patterns\Project_02\Debug\glfw.pdb'; linking object as if no debug info
glfw3.lib(win32_joystick.obj) : warning LNK4099: PDB 'glfw.pdb' was not found with 'glfw3.lib(win32_joystick.obj)' or at 'C:\Users\alexm\Documents\Game Development - Advanced Programming 2017\Game Engine Frameworks and Patterns\Project_02\Debug\glfw.pdb'; linking object as if no debug info
glfw3.lib(win32_monitor.obj) : warning LNK4099: PDB 'glfw.pdb' was not found with 'glfw3.lib(win32_monitor.obj)' or at 'C:\Users\alexm\Documents\Game Development - Advanced Programming 2017\Game Engine Frameworks and Patterns\Project_02\Debug\glfw.pdb'; linking object as if no debug info
glfw3.lib(win32_time.obj) : warning LNK4099: PDB 'glfw.pdb' was not found with 'glfw3.lib(win32_time.obj)' or at 'C:\Users\alexm\Documents\Game Development - Advanced Programming 2017\Game Engine Frameworks and Patterns\Project_02\Debug\glfw.pdb'; linking object as if no debug info
glfw3.lib(win32_tls.obj) : warning LNK4099: PDB 'glfw.pdb' was not found with 'glfw3.lib(win32_tls.obj)' or at 'C:\Users\alexm\Documents\Game Development - Advanced Programming 2017\Game Engine Frameworks and Patterns\Project_02\Debug\glfw.pdb'; linking object as if no debug info
glfw3.lib(win32_window.obj) : warning LNK4099: PDB 'glfw.pdb' was not found with 'glfw3.lib(win32_window.obj)' or at 'C:\Users\alexm\Documents\Game Development - Advanced Programming 2017\Game Engine Frameworks and Patterns\Project_02\Debug\glfw.pdb'; linking object as if no debug info
glfw3.lib(wgl_context.obj) : warning LNK4099: PDB 'glfw.pdb' was not found with 'glfw3.lib(wgl_context.obj)' or at 'C:\Users\alexm\Documents\Game Development - Advanced Programming 2017\Game Engine Frameworks and Patterns\Project_02\Debug\glfw.pdb'; linking object as if no debug info
glfw3.lib(egl_context.obj) : warning LNK4099: PDB 'glfw.pdb' was not found with 'glfw3.lib(egl_context.obj)' or at 'C:\Users\alexm\Documents\Game Development - Advanced Programming 2017\Game Engine Frameworks and Patterns\Project_02\Debug\glfw.pdb'; linking object as if no debug info
  FirstOpenGL.vcxproj -> C:\Users\alexm\Documents\Game Development - Advanced Programming 2017\Game Engine Frameworks and Patterns\Project_02\Debug\FirstOpenGL.exe
  FirstOpenGL.vcxproj -> C:\Users\alexm\Documents\Game Development - Advanced Programming 2017\Game Engine Frameworks and Patterns\Project_02\Debug\FirstOpenGL.pdb (Partial PDB)
